Lmod has detected the following error: The following module(s) are unknown:
"CUDA/12.1.0"

Please check the spelling or version number. Also try "module spider ..."
It is also possible your cache file is out-of-date; it may help to try:
  $ module --ignore_cache load "CUDA/12.1.0"

Also make sure that all modulefiles written in TCL start with the string
#%Module



[train_trajsimi.py:50 <module>()] -> python train_trajsimi.py --dataset porto --trajsimi_measure_fn_name frechet
[train_trajsimi.py:51 <module>()] -> =================================
[train_trajsimi.py:52 <module>()] -> debug = False
dumpfile_uniqueid = 
seed = 2000
device = cuda:0
root_dir = /cluster/home/akselhh/TSMiniTesting/TSMini
checkpoint_dir = /cluster/home/akselhh/TSMiniTesting/TSMini/exp/snapshots
dataset = porto
dataset_prefix = porto_20200
dataset_file = /cluster/home/akselhh/TSMiniTesting/TSMini/data/porto_20200
min_traj_len = 20
max_traj_len = 200
cell_size = 100.0
cellspace_buffer = 500.0
traj_duplicate_short_tolerance = 80
traj_distance_norm_denominator = 1000
seq_embedding_dim = 128
tsmini_conv_channel_dim = 64
tsmini_conv_hidden_in_dim = 16
tsmini_conv_kernel_size = 3
tsmini_conv_stride = 1
tsmini_patch_emb_dim = 128
tsmin_trans_attention_head = 4
tsmin_trans_attention_dropout = 0.1
tsmin_trans_attention_layer = 1
tsmin_trans_pos_encoder_dropout = 0.1
tsmin_trans_hidden_dim = 512
trajsimi_encoder_name = TSMini
trajsimi_measure_fn_name = frechet
trajsimi_loss_mse_weight = 0.2
trajsimi_batch_size = 128
trajsimi_epoch = 40
trajsimi_training_bad_patience = 5
trajsimi_learning_rate = 0.002
trajsimi_training_lr_degrade_step = 15
trajsimi_training_lr_degrade_gamma = 0.5
trajsimi_learning_weight_decay = 1e-05
trajsimi_finetune_lr_rescale = 0.5
[train_trajsimi.py:53 <module>()] -> =================================
[data_loader.py:13 read_trajsimi_traj_dataset()] -> [trajsimi traj dataset] Start loading.
[data_loader.py:36 read_trajsimi_traj_dataset()] -> [trajsimi traj dataset] Loaded. @=3.37. traj: #total=10000 (trains/evals/tests=7000/1000/2000)
[data_loader.py:43 read_trajsimi_simi_dataset()] -> [trajsimi simi dataset] Start loading.
[data_loader.py:51 read_trajsimi_simi_dataset()] -> [trajsimi simi dataset] Loaded. @=2.82, trains/evals/tests=7000/1000/2000
[trajsimi.py:27 __init__()] -> Cellspace: {'x_min': -969535.2296468767, 'x_max': -947353.0059660561, 'y_min': 5026117.621546068, 'y_max': 5044158.976391017, 'x_unit': 100.0, 'y_unit': 100.0, 'buffer': 500.0, 'x_size': 222, 'y_size': 181, 'size': 40182}
[trajsimi.py:60 train()] -> train_trajsimi start.@=1760619132.082
[trajsimi.py:125 train()] -> training. ep-batch=0-0, loss=21.7815, @=13.445, gpu=(1172, 16384), ram=2517
[trajsimi.py:125 train()] -> training. ep-batch=0-1000, loss=4.6217, @=44.828, gpu=(1698, 16384), ram=2619
[trajsimi.py:125 train()] -> training. ep-batch=0-2000, loss=3.8703, @=75.752, gpu=(1698, 16384), ram=2626
[trajsimi.py:133 train()] -> training. i_ep=0, loss=4.3329/0.0010/5.3903, @=107.385
[trajsimi.py:138 train()] -> eval.     i_ep=0, mseloss=115.9564, hr=0.758,0.845,0.997,0.732,0.800,0.989, gpu=1698, ram=2673, @=0.701
[trajsimi.py:125 train()] -> training. ep-batch=1-0, loss=4.3447, @=10.754, gpu=(1698, 16384), ram=2674
[trajsimi.py:125 train()] -> training. ep-batch=1-1000, loss=3.8744, @=41.777, gpu=(1698, 16384), ram=2674
[trajsimi.py:125 train()] -> training. ep-batch=1-2000, loss=3.3984, @=72.920, gpu=(1698, 16384), ram=2675
[trajsimi.py:133 train()] -> training. i_ep=1, loss=3.6178/0.0015/4.4856, @=104.422
[trajsimi.py:138 train()] -> eval.     i_ep=1, mseloss=124.6692, hr=0.775,0.854,0.998,0.745,0.809,0.989, gpu=1698, ram=2686, @=0.644
[trajsimi.py:125 train()] -> training. ep-batch=2-0, loss=3.3768, @=10.896, gpu=(1698, 16384), ram=2678
[trajsimi.py:125 train()] -> training. ep-batch=2-1000, loss=3.4076, @=41.852, gpu=(1698, 16384), ram=2678
[trajsimi.py:125 train()] -> training. ep-batch=2-2000, loss=3.1573, @=73.117, gpu=(1698, 16384), ram=2677
[trajsimi.py:133 train()] -> training. i_ep=2, loss=3.4153/0.0018/4.2251, @=104.620
[trajsimi.py:138 train()] -> eval.     i_ep=2, mseloss=129.6149, hr=0.782,0.862,0.998,0.747,0.815,0.991, gpu=1698, ram=2704, @=0.636
[trajsimi.py:125 train()] -> training. ep-batch=3-0, loss=3.6949, @=10.698, gpu=(1698, 16384), ram=2685
[trajsimi.py:125 train()] -> training. ep-batch=3-1000, loss=3.2666, @=41.628, gpu=(1698, 16384), ram=2685
[trajsimi.py:125 train()] -> training. ep-batch=3-2000, loss=3.4379, @=72.738, gpu=(1698, 16384), ram=2685
[trajsimi.py:133 train()] -> training. i_ep=3, loss=3.3176/0.0019/4.0984, @=104.163
[trajsimi.py:138 train()] -> eval.     i_ep=3, mseloss=127.3291, hr=0.781,0.862,0.999,0.746,0.817,0.991, gpu=1698, ram=2700, @=0.631
[trajsimi.py:125 train()] -> training. ep-batch=4-0, loss=3.7564, @=10.726, gpu=(1698, 16384), ram=2681
[trajsimi.py:125 train()] -> training. ep-batch=4-1000, loss=3.2034, @=41.953, gpu=(1698, 16384), ram=2681
[trajsimi.py:125 train()] -> training. ep-batch=4-2000, loss=3.2521, @=73.214, gpu=(1698, 16384), ram=2681
[trajsimi.py:133 train()] -> training. i_ep=4, loss=3.2326/0.0021/3.9888, @=104.654
[trajsimi.py:138 train()] -> eval.     i_ep=4, mseloss=136.5124, hr=0.780,0.861,0.998,0.749,0.815,0.991, gpu=1698, ram=2698, @=0.749
[trajsimi.py:125 train()] -> training. ep-batch=5-0, loss=2.9553, @=10.688, gpu=(1698, 16384), ram=2681
[trajsimi.py:125 train()] -> training. ep-batch=5-1000, loss=3.1777, @=41.653, gpu=(1698, 16384), ram=2682
[trajsimi.py:125 train()] -> training. ep-batch=5-2000, loss=3.1369, @=73.087, gpu=(1698, 16384), ram=2682
[trajsimi.py:133 train()] -> training. i_ep=5, loss=3.1688/0.0022/3.9065, @=104.523
[trajsimi.py:138 train()] -> eval.     i_ep=5, mseloss=135.9532, hr=0.789,0.868,0.998,0.755,0.824,0.993, gpu=1698, ram=2698, @=0.764
[trajsimi.py:125 train()] -> training. ep-batch=6-0, loss=2.9076, @=10.736, gpu=(1698, 16384), ram=2690
[trajsimi.py:125 train()] -> training. ep-batch=6-1000, loss=3.0471, @=42.236, gpu=(1698, 16384), ram=2690
[trajsimi.py:125 train()] -> training. ep-batch=6-2000, loss=3.0944, @=73.371, gpu=(1698, 16384), ram=2688
[trajsimi.py:133 train()] -> training. i_ep=6, loss=3.1213/0.0023/3.8451, @=104.728
[trajsimi.py:138 train()] -> eval.     i_ep=6, mseloss=134.1136, hr=0.781,0.867,0.998,0.755,0.822,0.994, gpu=1698, ram=2704, @=0.631
[trajsimi.py:125 train()] -> training. ep-batch=7-0, loss=2.9672, @=10.727, gpu=(1698, 16384), ram=2721
[trajsimi.py:125 train()] -> training. ep-batch=7-1000, loss=3.1042, @=42.134, gpu=(1698, 16384), ram=2681
[trajsimi.py:125 train()] -> training. ep-batch=7-2000, loss=2.7079, @=73.404, gpu=(1698, 16384), ram=2680
[trajsimi.py:133 train()] -> training. i_ep=7, loss=3.0969/0.0023/3.8131, @=104.870
[trajsimi.py:138 train()] -> eval.     i_ep=7, mseloss=136.3438, hr=0.789,0.871,0.999,0.756,0.825,0.993, gpu=1698, ram=2701, @=1.403
[trajsimi.py:125 train()] -> training. ep-batch=8-0, loss=2.8418, @=10.746, gpu=(1698, 16384), ram=2687
[trajsimi.py:125 train()] -> training. ep-batch=8-1000, loss=2.8653, @=42.278, gpu=(1698, 16384), ram=2687
[trajsimi.py:125 train()] -> training. ep-batch=8-2000, loss=3.0555, @=73.352, gpu=(1698, 16384), ram=2687
[trajsimi.py:133 train()] -> training. i_ep=8, loss=3.0585/0.0024/3.7639, @=104.848
[trajsimi.py:138 train()] -> eval.     i_ep=8, mseloss=137.1549, hr=0.790,0.873,0.998,0.761,0.827,0.992, gpu=1698, ram=2705, @=0.633
[trajsimi.py:125 train()] -> training. ep-batch=9-0, loss=3.0048, @=10.703, gpu=(1698, 16384), ram=2681
[trajsimi.py:125 train()] -> training. ep-batch=9-1000, loss=3.0659, @=42.020, gpu=(1698, 16384), ram=2681
[trajsimi.py:125 train()] -> training. ep-batch=9-2000, loss=2.8355, @=73.156, gpu=(1698, 16384), ram=2681
[trajsimi.py:133 train()] -> training. i_ep=9, loss=3.0430/0.0024/3.7434, @=104.544
[trajsimi.py:138 train()] -> eval.     i_ep=9, mseloss=138.4158, hr=0.793,0.873,0.998,0.762,0.828,0.993, gpu=1698, ram=2701, @=0.647
[trajsimi.py:125 train()] -> training. ep-batch=10-0, loss=2.8030, @=10.749, gpu=(1698, 16384), ram=2681
[trajsimi.py:125 train()] -> training. ep-batch=10-1000, loss=3.1894, @=41.965, gpu=(1698, 16384), ram=2681
[trajsimi.py:125 train()] -> training. ep-batch=10-2000, loss=3.1650, @=73.349, gpu=(1698, 16384), ram=2681
[trajsimi.py:133 train()] -> training. i_ep=10, loss=3.0212/0.0024/3.7153, @=104.960
[trajsimi.py:138 train()] -> eval.     i_ep=10, mseloss=134.9162, hr=0.798,0.874,0.999,0.763,0.831,0.993, gpu=1698, ram=2701, @=0.647
[trajsimi.py:125 train()] -> training. ep-batch=11-0, loss=2.7805, @=10.753, gpu=(1698, 16384), ram=2687
[trajsimi.py:125 train()] -> training. ep-batch=11-1000, loss=2.7343, @=42.001, gpu=(1698, 16384), ram=2687
[trajsimi.py:125 train()] -> training. ep-batch=11-2000, loss=3.3553, @=73.172, gpu=(1698, 16384), ram=2687
[trajsimi.py:133 train()] -> training. i_ep=11, loss=2.9943/0.0025/3.6808, @=104.658
[trajsimi.py:138 train()] -> eval.     i_ep=11, mseloss=137.0182, hr=0.794,0.872,0.998,0.761,0.827,0.992, gpu=1698, ram=2708, @=0.632
[trajsimi.py:125 train()] -> training. ep-batch=12-0, loss=2.8451, @=10.793, gpu=(1698, 16384), ram=2683
[trajsimi.py:125 train()] -> training. ep-batch=12-1000, loss=3.6274, @=42.289, gpu=(1698, 16384), ram=2683
[trajsimi.py:125 train()] -> training. ep-batch=12-2000, loss=2.8380, @=73.524, gpu=(1698, 16384), ram=2683
[trajsimi.py:133 train()] -> training. i_ep=12, loss=2.9835/0.0025/3.6667, @=105.060
[trajsimi.py:138 train()] -> eval.     i_ep=12, mseloss=138.7794, hr=0.795,0.875,0.999,0.763,0.831,0.993, gpu=1698, ram=2700, @=0.750
[trajsimi.py:125 train()] -> training. ep-batch=13-0, loss=3.0007, @=10.837, gpu=(1698, 16384), ram=2681
[trajsimi.py:125 train()] -> training. ep-batch=13-1000, loss=2.9758, @=42.097, gpu=(1698, 16384), ram=2681
[trajsimi.py:125 train()] -> training. ep-batch=13-2000, loss=2.9942, @=73.319, gpu=(1698, 16384), ram=2681
[trajsimi.py:133 train()] -> training. i_ep=13, loss=2.9739/0.0025/3.6541, @=104.678
[trajsimi.py:138 train()] -> eval.     i_ep=13, mseloss=139.7137, hr=0.788,0.874,0.999,0.760,0.827,0.992, gpu=1698, ram=2708, @=0.751
[trajsimi.py:125 train()] -> training. ep-batch=14-0, loss=3.0259, @=10.812, gpu=(1698, 16384), ram=2681
[trajsimi.py:125 train()] -> training. ep-batch=14-1000, loss=3.2129, @=41.930, gpu=(1698, 16384), ram=2681
[trajsimi.py:125 train()] -> training. ep-batch=14-2000, loss=2.6225, @=73.435, gpu=(1698, 16384), ram=2681
[trajsimi.py:133 train()] -> training. i_ep=14, loss=2.9596/0.0025/3.6358, @=104.851
[trajsimi.py:138 train()] -> eval.     i_ep=14, mseloss=136.2579, hr=0.791,0.874,0.999,0.758,0.828,0.994, gpu=1698, ram=2704, @=0.749
[trajsimi.py:125 train()] -> training. ep-batch=15-0, loss=2.6742, @=10.747, gpu=(1698, 16384), ram=2687
[trajsimi.py:125 train()] -> training. ep-batch=15-1000, loss=3.0833, @=42.062, gpu=(1698, 16384), ram=2687
[trajsimi.py:125 train()] -> training. ep-batch=15-2000, loss=2.6705, @=73.585, gpu=(1698, 16384), ram=2687
[trajsimi.py:133 train()] -> training. i_ep=15, loss=2.8681/0.0026/3.5190, @=105.137
[trajsimi.py:138 train()] -> eval.     i_ep=15, mseloss=141.0850, hr=0.799,0.878,0.998,0.765,0.833,0.994, gpu=1698, ram=2704, @=1.406
[trajsimi.py:125 train()] -> training. ep-batch=16-0, loss=2.9613, @=10.732, gpu=(1698, 16384), ram=2721
[trajsimi.py:125 train()] -> training. ep-batch=16-1000, loss=2.5843, @=42.360, gpu=(1698, 16384), ram=2681
[trajsimi.py:125 train()] -> training. ep-batch=16-2000, loss=2.6821, @=73.706, gpu=(1698, 16384), ram=2683
[trajsimi.py:133 train()] -> training. i_ep=16, loss=2.8528/0.0027/3.4994, @=105.431
[trajsimi.py:138 train()] -> eval.     i_ep=16, mseloss=138.7723, hr=0.801,0.878,0.999,0.765,0.835,0.994, gpu=1698, ram=2693, @=0.636
[trajsimi.py:125 train()] -> training. ep-batch=17-0, loss=2.8645, @=10.754, gpu=(1698, 16384), ram=2686
[trajsimi.py:125 train()] -> training. ep-batch=17-1000, loss=2.8728, @=42.082, gpu=(1698, 16384), ram=2686
[trajsimi.py:125 train()] -> training. ep-batch=17-2000, loss=2.8685, @=73.414, gpu=(1698, 16384), ram=2686
[trajsimi.py:133 train()] -> training. i_ep=17, loss=2.8521/0.0027/3.4979, @=105.013
[trajsimi.py:138 train()] -> eval.     i_ep=17, mseloss=142.8643, hr=0.797,0.877,0.999,0.764,0.832,0.992, gpu=1698, ram=2705, @=0.634
[trajsimi.py:125 train()] -> training. ep-batch=18-0, loss=3.2778, @=10.711, gpu=(1698, 16384), ram=2688
[trajsimi.py:125 train()] -> training. ep-batch=18-1000, loss=2.9740, @=41.860, gpu=(1698, 16384), ram=2688
[trajsimi.py:125 train()] -> training. ep-batch=18-2000, loss=3.0305, @=72.963, gpu=(1698, 16384), ram=2688
[trajsimi.py:133 train()] -> training. i_ep=18, loss=2.8373/0.0027/3.4793, @=104.622
[trajsimi.py:138 train()] -> eval.     i_ep=18, mseloss=140.5336, hr=0.801,0.878,0.999,0.767,0.834,0.993, gpu=1698, ram=2693, @=0.625
[trajsimi.py:125 train()] -> training. ep-batch=19-0, loss=2.5073, @=10.748, gpu=(1698, 16384), ram=2682
[trajsimi.py:125 train()] -> training. ep-batch=19-1000, loss=2.6114, @=41.965, gpu=(1698, 16384), ram=2682
[trajsimi.py:125 train()] -> training. ep-batch=19-2000, loss=2.8945, @=73.246, gpu=(1698, 16384), ram=2682
[trajsimi.py:133 train()] -> training. i_ep=19, loss=2.8399/0.0027/3.4821, @=104.949
[trajsimi.py:138 train()] -> eval.     i_ep=19, mseloss=140.3670, hr=0.799,0.878,0.999,0.763,0.832,0.992, gpu=1698, ram=2694, @=0.630
[trajsimi.py:125 train()] -> training. ep-batch=20-0, loss=2.7720, @=10.799, gpu=(1698, 16384), ram=2682
[trajsimi.py:125 train()] -> training. ep-batch=20-1000, loss=2.5479, @=41.969, gpu=(1698, 16384), ram=2682
[trajsimi.py:125 train()] -> training. ep-batch=20-2000, loss=2.8489, @=73.598, gpu=(1698, 16384), ram=2683
[trajsimi.py:133 train()] -> training. i_ep=20, loss=2.8385/0.0027/3.4800, @=105.112
[trajsimi.py:138 train()] -> eval.     i_ep=20, mseloss=142.0113, hr=0.799,0.878,0.998,0.765,0.834,0.993, gpu=1698, ram=2694, @=0.624
[trajsimi.py:125 train()] -> training. ep-batch=21-0, loss=3.2121, @=10.718, gpu=(1698, 16384), ram=2683
[trajsimi.py:125 train()] -> training. ep-batch=21-1000, loss=2.8882, @=41.985, gpu=(1698, 16384), ram=2683
[trajsimi.py:125 train()] -> training. ep-batch=21-2000, loss=3.0009, @=73.127, gpu=(1698, 16384), ram=2683
[trajsimi.py:133 train()] -> training. i_ep=21, loss=2.8258/0.0027/3.4640, @=104.438
[trajsimi.py:138 train()] -> eval.     i_ep=21, mseloss=142.0756, hr=0.799,0.880,0.998,0.769,0.833,0.992, gpu=1698, ram=2704, @=0.633
[trajsimi.py:125 train()] -> training. ep-batch=22-0, loss=2.9358, @=10.685, gpu=(1698, 16384), ram=2684
[trajsimi.py:125 train()] -> training. ep-batch=22-1000, loss=2.5483, @=42.124, gpu=(1698, 16384), ram=2684
[trajsimi.py:125 train()] -> training. ep-batch=22-2000, loss=2.4897, @=73.745, gpu=(1698, 16384), ram=2688
[trajsimi.py:133 train()] -> training. i_ep=22, loss=2.8287/0.0028/3.4671, @=105.315
[trajsimi.py:138 train()] -> eval.     i_ep=22, mseloss=141.6194, hr=0.797,0.881,0.998,0.768,0.835,0.992, gpu=1698, ram=2712, @=0.635
[trajsimi.py:125 train()] -> training. ep-batch=23-0, loss=2.7480, @=10.770, gpu=(1698, 16384), ram=2688
[trajsimi.py:125 train()] -> training. ep-batch=23-1000, loss=2.7581, @=41.986, gpu=(1698, 16384), ram=2688
[trajsimi.py:125 train()] -> training. ep-batch=23-2000, loss=2.4656, @=73.134, gpu=(1698, 16384), ram=2688
[trajsimi.py:133 train()] -> training. i_ep=23, loss=2.8246/0.0028/3.4616, @=104.781
[trajsimi.py:138 train()] -> eval.     i_ep=23, mseloss=141.4175, hr=0.800,0.879,0.999,0.765,0.834,0.993, gpu=1698, ram=2708, @=0.633
[trajsimi.py:125 train()] -> training. ep-batch=24-0, loss=2.8279, @=10.811, gpu=(1698, 16384), ram=2689
[trajsimi.py:125 train()] -> training. ep-batch=24-1000, loss=2.9385, @=42.041, gpu=(1698, 16384), ram=2689
[trajsimi.py:125 train()] -> training. ep-batch=24-2000, loss=2.8249, @=73.393, gpu=(1698, 16384), ram=2689
[trajsimi.py:133 train()] -> training. i_ep=24, loss=2.8161/0.0028/3.4510, @=104.922
[trajsimi.py:138 train()] -> eval.     i_ep=24, mseloss=141.8239, hr=0.798,0.879,0.999,0.769,0.834,0.992, gpu=1698, ram=2717, @=0.630
[trajsimi.py:125 train()] -> training. ep-batch=25-0, loss=2.7652, @=10.770, gpu=(1698, 16384), ram=2726
[trajsimi.py:125 train()] -> training. ep-batch=25-1000, loss=2.4958, @=41.990, gpu=(1698, 16384), ram=2688
[trajsimi.py:125 train()] -> training. ep-batch=25-2000, loss=2.9238, @=73.247, gpu=(1698, 16384), ram=2688
[trajsimi.py:133 train()] -> training. i_ep=25, loss=2.8153/0.0028/3.4500, @=104.886
[trajsimi.py:138 train()] -> eval.     i_ep=25, mseloss=140.9434, hr=0.799,0.881,0.999,0.767,0.833,0.993, gpu=1698, ram=2716, @=1.137
[trajsimi.py:125 train()] -> training. ep-batch=26-0, loss=2.4710, @=10.713, gpu=(1698, 16384), ram=2688
[trajsimi.py:125 train()] -> training. ep-batch=26-1000, loss=2.4955, @=42.087, gpu=(1698, 16384), ram=2688
[trajsimi.py:125 train()] -> training. ep-batch=26-2000, loss=3.2528, @=73.244, gpu=(1698, 16384), ram=2688
[trajsimi.py:133 train()] -> training. i_ep=26, loss=2.8050/0.0028/3.4366, @=104.777
[trajsimi.py:138 train()] -> eval.     i_ep=26, mseloss=142.6348, hr=0.800,0.880,0.998,0.767,0.834,0.992, gpu=1698, ram=2699, @=0.636
[trajsimi.py:125 train()] -> training. ep-batch=27-0, loss=2.6962, @=10.747, gpu=(1698, 16384), ram=2690
[trajsimi.py:125 train()] -> training. ep-batch=27-1000, loss=2.6499, @=42.026, gpu=(1698, 16384), ram=2690
[trajsimi.py:125 train()] -> training. ep-batch=27-2000, loss=2.9776, @=73.384, gpu=(1698, 16384), ram=2690
[trajsimi.py:133 train()] -> training. i_ep=27, loss=2.8080/0.0028/3.4402, @=105.023
[trajsimi.py:138 train()] -> eval.     i_ep=27, mseloss=141.0968, hr=0.802,0.881,0.998,0.767,0.834,0.992, gpu=1698, ram=2699, @=0.631
[trajsimi.py:125 train()] -> training. ep-batch=28-0, loss=2.8794, @=10.804, gpu=(1698, 16384), ram=2692
[trajsimi.py:125 train()] -> training. ep-batch=28-1000, loss=2.9835, @=42.158, gpu=(1698, 16384), ram=2692
[trajsimi.py:125 train()] -> training. ep-batch=28-2000, loss=3.0495, @=73.125, gpu=(1698, 16384), ram=2692
[trajsimi.py:133 train()] -> training. i_ep=28, loss=2.7998/0.0028/3.4299, @=104.462
[trajsimi.py:138 train()] -> eval.     i_ep=28, mseloss=141.8254, hr=0.800,0.881,0.998,0.767,0.832,0.993, gpu=1698, ram=2699, @=0.636
[trajsimi.py:125 train()] -> training. ep-batch=29-0, loss=2.5365, @=10.832, gpu=(1698, 16384), ram=2692
[trajsimi.py:125 train()] -> training. ep-batch=29-1000, loss=2.9679, @=41.886, gpu=(1698, 16384), ram=2692
[trajsimi.py:125 train()] -> training. ep-batch=29-2000, loss=3.2113, @=73.251, gpu=(1698, 16384), ram=2692
[trajsimi.py:133 train()] -> training. i_ep=29, loss=2.8017/0.0028/3.4322, @=104.697
[trajsimi.py:138 train()] -> eval.     i_ep=29, mseloss=140.3925, hr=0.800,0.882,0.999,0.768,0.836,0.993, gpu=1698, ram=2700, @=0.633
[trajsimi.py:154 train()] -> training end. @=3170.097, best_epoch=24, best_hr_eval=0.7692
[trajsimi.py:166 train()] -> test. @=1.441, mseloss=145.7003, hr=0.763,0.855,0.996,0.709,0.808,0.982, gpu=1702, ram=2752, @=1.441
[train_trajsimi.py:34 main()] -> [EXPFlag]model=TSMini,dataset=porto_20200,fn=frechet,task_train_time=3170.096589,task_test_time=1.441032,hr10=0.763050,hr50=0.855430,hr50in10=0.995650,hr5=0.709000,hr20=0.807625,hr20in5=0.982000
